<?xml version="1.0" encoding="UTF-8"?>
<!-- Generated by org.testng.reporters.JUnitReportReporter -->
<testsuite hostname="DESKTOP-6KN58PQ" failures="0" tests="4" name="suite.Browser" time="12.504" errors="1" timestamp="16 Nov 2023 10:29:45 GMT" skipped="3">
  <testcase classname="suite.Browser" name="browserLaunch" time="12.504">
    <error message="session not created: This version of ChromeDriver only supports Chrome version 114
Current browser version is 119.0.6045.159 with binary path C:\Program Files\Google\Chrome\Application\chrome.exe
Build info: version: &#039;3.141.59&#039;, revision: &#039;e82be7d358&#039;, time: &#039;2018-11-14T08:17:03&#039;
System info: host: &#039;DESKTOP-6KN58PQ&#039;, ip: &#039;10.0.102.169&#039;, os.name: &#039;Windows 10&#039;, os.arch: &#039;amd64&#039;, os.version: &#039;10.0&#039;, java.version: &#039;17.0.8.1&#039;
Driver info: driver.version: ChromeDriver
remote stacktrace: Backtrace:
	GetHandleVerifier [0x0098A813+48355]
	(No symbol) [0x0091C4B1]
	(No symbol) [0x00825358]
	(No symbol) [0x008461AC]
	(No symbol) [0x00841EF3]
	(No symbol) [0x00840579]
	(No symbol) [0x00870C55]
	(No symbol) [0x0087093C]
	(No symbol) [0x0086A536]
	(No symbol) [0x008482DC]
	(No symbol) [0x008493DD]
	GetHandleVerifier [0x00BEAABD+2539405]
	GetHandleVerifier [0x00C2A78F+2800735]
	GetHandleVerifier [0x00C2456C+2775612]
	GetHandleVerifier [0x00A151E0+616112]
	(No symbol) [0x00925F8C]
	(No symbol) [0x00922328]
	(No symbol) [0x0092240B]
	(No symbol) [0x00914FF7]
	BaseThreadInitThunk [0x76C5FCC9+25]
	RtlGetAppContainerNamedObjectPath [0x77B07C6E+286]
	RtlGetAppContainerNamedObjectPath [0x77B07C3E+238]
" type="org.openqa.selenium.SessionNotCreatedException">
      <![CDATA[org.openqa.selenium.SessionNotCreatedException: session not created: This version of ChromeDriver only supports Chrome version 114
Current browser version is 119.0.6045.159 with binary path C:\Program Files\Google\Chrome\Application\chrome.exe
Build info: version: '3.141.59', revision: 'e82be7d358', time: '2018-11-14T08:17:03'
System info: host: 'DESKTOP-6KN58PQ', ip: '10.0.102.169', os.name: 'Windows 10', os.arch: 'amd64', os.version: '10.0', java.version: '17.0.8.1'
Driver info: driver.version: ChromeDriver
remote stacktrace: Backtrace:
GetHandleVerifier [0x0098A813+48355]
(No symbol) [0x0091C4B1]
(No symbol) [0x00825358]
(No symbol) [0x008461AC]
(No symbol) [0x00841EF3]
(No symbol) [0x00840579]
(No symbol) [0x00870C55]
(No symbol) [0x0087093C]
(No symbol) [0x0086A536]
(No symbol) [0x008482DC]
(No symbol) [0x008493DD]
GetHandleVerifier [0x00BEAABD+2539405]
GetHandleVerifier [0x00C2A78F+2800735]
GetHandleVerifier [0x00C2456C+2775612]
GetHandleVerifier [0x00A151E0+616112]
(No symbol) [0x00925F8C]
(No symbol) [0x00922328]
(No symbol) [0x0092240B]
(No symbol) [0x00914FF7]
BaseThreadInitThunk [0x76C5FCC9+25]
RtlGetAppContainerNamedObjectPath [0x77B07C6E+286]
RtlGetAppContainerNamedObjectPath [0x77B07C3E+238]

at java.base/jdk.internal.reflect.NativeConstructorAccessorImpl.newInstance0(Native Method)
at java.base/jdk.internal.reflect.NativeConstructorAccessorImpl.newInstance(NativeConstructorAccessorImpl.java:77)
at java.base/jdk.internal.reflect.DelegatingConstructorAccessorImpl.newInstance(DelegatingConstructorAccessorImpl.java:45)
at java.base/java.lang.reflect.Constructor.newInstanceWithCaller(Constructor.java:499)
at java.base/java.lang.reflect.Constructor.newInstance(Constructor.java:480)
at org.openqa.selenium.remote.W3CHandshakeResponse.lambda$errorHandler$0(W3CHandshakeResponse.java:62)
at org.openqa.selenium.remote.HandshakeResponse.lambda$getResponseFunction$0(HandshakeResponse.java:30)
at org.openqa.selenium.remote.ProtocolHandshake.lambda$createSession$0(ProtocolHandshake.java:126)
at java.base/java.util.stream.ReferencePipeline$3$1.accept(ReferencePipeline.java:197)
at java.base/java.util.Spliterators$ArraySpliterator.tryAdvance(Spliterators.java:1002)
at java.base/java.util.stream.ReferencePipeline.forEachWithCancel(ReferencePipeline.java:129)
at java.base/java.util.stream.AbstractPipeline.copyIntoWithCancel(AbstractPipeline.java:527)
at java.base/java.util.stream.AbstractPipeline.copyInto(AbstractPipeline.java:513)
at java.base/java.util.stream.AbstractPipeline.wrapAndCopyInto(AbstractPipeline.java:499)
at java.base/java.util.stream.FindOps$FindOp.evaluateSequential(FindOps.java:150)
at java.base/java.util.stream.AbstractPipeline.evaluate(AbstractPipeline.java:234)
at java.base/java.util.stream.ReferencePipeline.findFirst(ReferencePipeline.java:647)
at org.openqa.selenium.remote.ProtocolHandshake.createSession(ProtocolHandshake.java:128)
at org.openqa.selenium.remote.ProtocolHandshake.createSession(ProtocolHandshake.java:74)
at org.openqa.selenium.remote.HttpCommandExecutor.execute(HttpCommandExecutor.java:136)
at org.openqa.selenium.remote.service.DriverCommandExecutor.execute(DriverCommandExecutor.java:83)
at org.openqa.selenium.remote.RemoteWebDriver.execute(RemoteWebDriver.java:552)
at org.openqa.selenium.remote.RemoteWebDriver.startSession(RemoteWebDriver.java:213)
at org.openqa.selenium.remote.RemoteWebDriver.<init>(RemoteWebDriver.java:131)
at org.openqa.selenium.chrome.ChromeDriver.<init>(ChromeDriver.java:181)
at org.openqa.selenium.chrome.ChromeDriver.<init>(ChromeDriver.java:168)
at org.openqa.selenium.chrome.ChromeDriver.<init>(ChromeDriver.java:123)
at suite.Browser.browserLaunch(Browser.java:21)
at java.base/jdk.internal.reflect.NativeMethodAccessorImpl.invoke0(Native Method)
at java.base/jdk.internal.reflect.NativeMethodAccessorImpl.invoke(NativeMethodAccessorImpl.java:77)
at java.base/jdk.internal.reflect.DelegatingMethodAccessorImpl.invoke(DelegatingMethodAccessorImpl.java:43)
at java.base/java.lang.reflect.Method.invoke(Method.java:568)
at org.testng.internal.MethodInvocationHelper.invokeMethod(MethodInvocationHelper.java:124)
at org.testng.internal.MethodInvocationHelper.invokeMethodConsideringTimeout(MethodInvocationHelper.java:59)
at org.testng.internal.Invoker.invokeConfigurationMethod(Invoker.java:458)
at org.testng.internal.Invoker.invokeConfigurations(Invoker.java:222)
at org.testng.internal.Invoker.invokeConfigurations(Invoker.java:142)
at org.testng.SuiteRunner.privateRun(SuiteRunner.java:401)
at org.testng.SuiteRunner.run(SuiteRunner.java:364)
at org.testng.SuiteRunnerWorker.runSuite(SuiteRunnerWorker.java:52)
at org.testng.SuiteRunnerWorker.run(SuiteRunnerWorker.java:84)
at org.testng.TestNG.runSuitesSequentially(TestNG.java:1208)
at org.testng.TestNG.runSuitesLocally(TestNG.java:1137)
at org.testng.TestNG.runSuites(TestNG.java:1049)
at org.testng.TestNG.run(TestNG.java:1017)
at org.testng.remote.AbstractRemoteTestNG.run(AbstractRemoteTestNG.java:115)
at org.testng.remote.RemoteTestNG.initAndRun(RemoteTestNG.java:251)
at org.testng.remote.RemoteTestNG.main(RemoteTestNG.java:77)
]]>
    </error>
  </testcase> <!-- browserLaunch -->
  <testcase classname="suite.Browser" name="bing" time="0.000">
    <skipped/>
  </testcase> <!-- bing -->
  <testcase classname="suite.Browser" name="google" time="0.000">
    <skipped/>
  </testcase> <!-- google -->
  <testcase classname="suite.Browser" name="yahoo" time="0.000">
    <skipped/>
  </testcase> <!-- yahoo -->
</testsuite> <!-- suite.Browser -->
