<?xml version="1.0" encoding="UTF-8"?>
<!-- Generated by org.testng.reporters.JUnitReportReporter -->
<testsuite hostname="DESKTOP-6KN58PQ" failures="0" tests="1" name="org.parallel.Google" time="4.243" errors="1" timestamp="02 Feb 2024 07:01:57 GMT" skipped="0">
  <testcase classname="org.parallel.Google" name="googleBrowser" time="4.243">
    <error message="session not created: This version of ChromeDriver only supports Chrome version 119
Current browser version is 121.0.6167.139 with binary path C:\Program Files\Google\Chrome\Application\chrome.exe
Build info: version: &#039;3.141.59&#039;, revision: &#039;e82be7d358&#039;, time: &#039;2018-11-14T08:17:03&#039;
System info: host: &#039;DESKTOP-6KN58PQ&#039;, ip: &#039;10.0.102.98&#039;, os.name: &#039;Windows 10&#039;, os.arch: &#039;amd64&#039;, os.version: &#039;10.0&#039;, java.version: &#039;17.0.8.1&#039;
Driver info: driver.version: ChromeDriver
remote stacktrace: 	GetHandleVerifier [0x00007FF7A78882B2+55298]
	(No symbol) [0x00007FF7A77F5E02]
	(No symbol) [0x00007FF7A76B05AB]
	(No symbol) [0x00007FF7A76E3E72]
	(No symbol) [0x00007FF7A76E32FE]
	(No symbol) [0x00007FF7A76DEC6C]
	(No symbol) [0x00007FF7A76DB30E]
	(No symbol) [0x00007FF7A771A198]
	(No symbol) [0x00007FF7A7719CB0]
	(No symbol) [0x00007FF7A7711E83]
	(No symbol) [0x00007FF7A76E670A]
	(No symbol) [0x00007FF7A76E7964]
	GetHandleVerifier [0x00007FF7A7C00AAB+3694587]
	GetHandleVerifier [0x00007FF7A7C5728E+4048862]
	GetHandleVerifier [0x00007FF7A7C4F173+4015811]
	GetHandleVerifier [0x00007FF7A79247D6+695590]
	(No symbol) [0x00007FF7A7800CE8]
	(No symbol) [0x00007FF7A77FCF34]
	(No symbol) [0x00007FF7A77FD062]
	(No symbol) [0x00007FF7A77ED3A3]
	BaseThreadInitThunk [0x00007FF8B8517344+20]
	RtlUserThreadStart [0x00007FF8BA1026B1+33]
" type="org.openqa.selenium.SessionNotCreatedException">
      <![CDATA[org.openqa.selenium.SessionNotCreatedException: session not created: This version of ChromeDriver only supports Chrome version 119
Current browser version is 121.0.6167.139 with binary path C:\Program Files\Google\Chrome\Application\chrome.exe
Build info: version: '3.141.59', revision: 'e82be7d358', time: '2018-11-14T08:17:03'
System info: host: 'DESKTOP-6KN58PQ', ip: '10.0.102.98', os.name: 'Windows 10', os.arch: 'amd64', os.version: '10.0', java.version: '17.0.8.1'
Driver info: driver.version: ChromeDriver
remote stacktrace: GetHandleVerifier [0x00007FF7A78882B2+55298]
(No symbol) [0x00007FF7A77F5E02]
(No symbol) [0x00007FF7A76B05AB]
(No symbol) [0x00007FF7A76E3E72]
(No symbol) [0x00007FF7A76E32FE]
(No symbol) [0x00007FF7A76DEC6C]
(No symbol) [0x00007FF7A76DB30E]
(No symbol) [0x00007FF7A771A198]
(No symbol) [0x00007FF7A7719CB0]
(No symbol) [0x00007FF7A7711E83]
(No symbol) [0x00007FF7A76E670A]
(No symbol) [0x00007FF7A76E7964]
GetHandleVerifier [0x00007FF7A7C00AAB+3694587]
GetHandleVerifier [0x00007FF7A7C5728E+4048862]
GetHandleVerifier [0x00007FF7A7C4F173+4015811]
GetHandleVerifier [0x00007FF7A79247D6+695590]
(No symbol) [0x00007FF7A7800CE8]
(No symbol) [0x00007FF7A77FCF34]
(No symbol) [0x00007FF7A77FD062]
(No symbol) [0x00007FF7A77ED3A3]
BaseThreadInitThunk [0x00007FF8B8517344+20]
RtlUserThreadStart [0x00007FF8BA1026B1+33]

at java.base/jdk.internal.reflect.NativeConstructorAccessorImpl.newInstance0(Native Method)
at java.base/jdk.internal.reflect.NativeConstructorAccessorImpl.newInstance(NativeConstructorAccessorImpl.java:77)
at java.base/jdk.internal.reflect.DelegatingConstructorAccessorImpl.newInstance(DelegatingConstructorAccessorImpl.java:45)
at java.base/java.lang.reflect.Constructor.newInstanceWithCaller(Constructor.java:499)
at java.base/java.lang.reflect.Constructor.newInstance(Constructor.java:480)
at org.openqa.selenium.remote.W3CHandshakeResponse.lambda$errorHandler$0(W3CHandshakeResponse.java:62)
at org.openqa.selenium.remote.HandshakeResponse.lambda$getResponseFunction$0(HandshakeResponse.java:30)
at org.openqa.selenium.remote.ProtocolHandshake.lambda$createSession$0(ProtocolHandshake.java:126)
at java.base/java.util.stream.ReferencePipeline$3$1.accept(ReferencePipeline.java:197)
at java.base/java.util.Spliterators$ArraySpliterator.tryAdvance(Spliterators.java:1002)
at java.base/java.util.stream.ReferencePipeline.forEachWithCancel(ReferencePipeline.java:129)
at java.base/java.util.stream.AbstractPipeline.copyIntoWithCancel(AbstractPipeline.java:527)
at java.base/java.util.stream.AbstractPipeline.copyInto(AbstractPipeline.java:513)
at java.base/java.util.stream.AbstractPipeline.wrapAndCopyInto(AbstractPipeline.java:499)
at java.base/java.util.stream.FindOps$FindOp.evaluateSequential(FindOps.java:150)
at java.base/java.util.stream.AbstractPipeline.evaluate(AbstractPipeline.java:234)
at java.base/java.util.stream.ReferencePipeline.findFirst(ReferencePipeline.java:647)
at org.openqa.selenium.remote.ProtocolHandshake.createSession(ProtocolHandshake.java:128)
at org.openqa.selenium.remote.ProtocolHandshake.createSession(ProtocolHandshake.java:74)
at org.openqa.selenium.remote.HttpCommandExecutor.execute(HttpCommandExecutor.java:136)
at org.openqa.selenium.remote.service.DriverCommandExecutor.execute(DriverCommandExecutor.java:83)
at org.openqa.selenium.remote.RemoteWebDriver.execute(RemoteWebDriver.java:552)
at org.openqa.selenium.remote.RemoteWebDriver.startSession(RemoteWebDriver.java:213)
at org.openqa.selenium.remote.RemoteWebDriver.<init>(RemoteWebDriver.java:131)
at org.openqa.selenium.chrome.ChromeDriver.<init>(ChromeDriver.java:181)
at org.openqa.selenium.chrome.ChromeDriver.<init>(ChromeDriver.java:168)
at org.openqa.selenium.chrome.ChromeDriver.<init>(ChromeDriver.java:123)
at org.parallel.Google.googleBrowser(Google.java:12)
at java.base/jdk.internal.reflect.NativeMethodAccessorImpl.invoke0(Native Method)
at java.base/jdk.internal.reflect.NativeMethodAccessorImpl.invoke(NativeMethodAccessorImpl.java:77)
at java.base/jdk.internal.reflect.DelegatingMethodAccessorImpl.invoke(DelegatingMethodAccessorImpl.java:43)
at java.base/java.lang.reflect.Method.invoke(Method.java:568)
at org.testng.internal.MethodInvocationHelper.invokeMethod(MethodInvocationHelper.java:124)
at org.testng.internal.Invoker.invokeMethod(Invoker.java:583)
at org.testng.internal.Invoker.invokeTestMethod(Invoker.java:719)
at org.testng.internal.Invoker.invokeTestMethods(Invoker.java:989)
at org.testng.internal.TestMethodWorker.invokeTestMethods(TestMethodWorker.java:125)
at org.testng.internal.TestMethodWorker.run(TestMethodWorker.java:109)
at java.base/java.util.concurrent.ThreadPoolExecutor.runWorker(ThreadPoolExecutor.java:1136)
at java.base/java.util.concurrent.ThreadPoolExecutor$Worker.run(ThreadPoolExecutor.java:635)
at java.base/java.lang.Thread.run(Thread.java:833)
]]>
    </error>
  </testcase> <!-- googleBrowser -->
</testsuite> <!-- org.parallel.Google -->
