<?xml version="1.0" encoding="UTF-8"?>
<!-- Generated by org.testng.reporters.JUnitXMLReporter -->
<testsuite ignored="0" hostname="DESKTOP-6KN58PQ" failures="2" tests="2" name="cross browser" time="4.39" errors="0" timestamp="02 Feb 2024 07:01:57 GMT">
  <testcase classname="org.parallel.Google" name="googleBrowser" time="4.243">
    <failure type="org.openqa.selenium.SessionNotCreatedException" message="session not created: This version of ChromeDriver only supports Chrome version 119
Current browser version is 121.0.6167.139 with binary path C:\Program Files\Google\Chrome\Application\chrome.exe
Build info: version: &amp;apos;3.141.59&amp;apos;, revision: &amp;apos;e82be7d358&amp;apos;, time: &amp;apos;2018-11-14T08:17:03&amp;apos;
System info: host: &amp;apos;DESKTOP-6KN58PQ&amp;apos;, ip: &amp;apos;10.0.102.98&amp;apos;, os.name: &amp;apos;Windows 10&amp;apos;, os.arch: &amp;apos;amd64&amp;apos;, os.version: &amp;apos;10.0&amp;apos;, java.version: &amp;apos;17.0.8.1&amp;apos;
Driver info: driver.version: ChromeDriver
remote stacktrace: 	GetHandleVerifier [0x00007FF7A78882B2+55298]
	(No symbol) [0x00007FF7A77F5E02]
	(No symbol) [0x00007FF7A76B05AB]
	(No symbol) [0x00007FF7A76E3E72]
	(No symbol) [0x00007FF7A76E32FE]
	(No symbol) [0x00007FF7A76DEC6C]
	(No symbol) [0x00007FF7A76DB30E]
	(No symbol) [0x00007FF7A771A198]
	(No symbol) [0x00007FF7A7719CB0]
	(No symbol) [0x00007FF7A7711E83]
	(No symbol) [0x00007FF7A76E670A]
	(No symbol) [0x00007FF7A76E7964]
	GetHandleVerifier [0x00007FF7A7C00AAB+3694587]
	GetHandleVerifier [0x00007FF7A7C5728E+4048862]
	GetHandleVerifier [0x00007FF7A7C4F173+4015811]
	GetHandleVerifier [0x00007FF7A79247D6+695590]
	(No symbol) [0x00007FF7A7800CE8]
	(No symbol) [0x00007FF7A77FCF34]
	(No symbol) [0x00007FF7A77FD062]
	(No symbol) [0x00007FF7A77ED3A3]
	BaseThreadInitThunk [0x00007FF8B8517344+20]
	RtlUserThreadStart [0x00007FF8BA1026B1+33]
">
      <![CDATA[org.openqa.selenium.SessionNotCreatedException: session not created: This version of ChromeDriver only supports Chrome version 119
Current browser version is 121.0.6167.139 with binary path C:\Program Files\Google\Chrome\Application\chrome.exe
Build info: version: '3.141.59', revision: 'e82be7d358', time: '2018-11-14T08:17:03'
System info: host: 'DESKTOP-6KN58PQ', ip: '10.0.102.98', os.name: 'Windows 10', os.arch: 'amd64', os.version: '10.0', java.version: '17.0.8.1'
Driver info: driver.version: ChromeDriver
remote stacktrace: GetHandleVerifier [0x00007FF7A78882B2+55298]
(No symbol) [0x00007FF7A77F5E02]
(No symbol) [0x00007FF7A76B05AB]
(No symbol) [0x00007FF7A76E3E72]
(No symbol) [0x00007FF7A76E32FE]
(No symbol) [0x00007FF7A76DEC6C]
(No symbol) [0x00007FF7A76DB30E]
(No symbol) [0x00007FF7A771A198]
(No symbol) [0x00007FF7A7719CB0]
(No symbol) [0x00007FF7A7711E83]
(No symbol) [0x00007FF7A76E670A]
(No symbol) [0x00007FF7A76E7964]
GetHandleVerifier [0x00007FF7A7C00AAB+3694587]
GetHandleVerifier [0x00007FF7A7C5728E+4048862]
GetHandleVerifier [0x00007FF7A7C4F173+4015811]
GetHandleVerifier [0x00007FF7A79247D6+695590]
(No symbol) [0x00007FF7A7800CE8]
(No symbol) [0x00007FF7A77FCF34]
(No symbol) [0x00007FF7A77FD062]
(No symbol) [0x00007FF7A77ED3A3]
BaseThreadInitThunk [0x00007FF8B8517344+20]
RtlUserThreadStart [0x00007FF8BA1026B1+33]

at org.openqa.selenium.remote.W3CHandshakeResponse.lambda$errorHandler$0(W3CHandshakeResponse.java:62)
at org.openqa.selenium.remote.HandshakeResponse.lambda$getResponseFunction$0(HandshakeResponse.java:30)
at org.openqa.selenium.remote.ProtocolHandshake.lambda$createSession$0(ProtocolHandshake.java:126)
at java.base/java.util.stream.ReferencePipeline$3$1.accept(ReferencePipeline.java:197)
at java.base/java.util.Spliterators$ArraySpliterator.tryAdvance(Spliterators.java:1002)
at java.base/java.util.stream.ReferencePipeline.forEachWithCancel(ReferencePipeline.java:129)
at java.base/java.util.stream.AbstractPipeline.copyIntoWithCancel(AbstractPipeline.java:527)
at java.base/java.util.stream.AbstractPipeline.copyInto(AbstractPipeline.java:513)
at java.base/java.util.stream.AbstractPipeline.wrapAndCopyInto(AbstractPipeline.java:499)
at java.base/java.util.stream.FindOps$FindOp.evaluateSequential(FindOps.java:150)
at java.base/java.util.stream.AbstractPipeline.evaluate(AbstractPipeline.java:234)
at java.base/java.util.stream.ReferencePipeline.findFirst(ReferencePipeline.java:647)
at org.openqa.selenium.remote.ProtocolHandshake.createSession(ProtocolHandshake.java:128)
at org.openqa.selenium.remote.ProtocolHandshake.createSession(ProtocolHandshake.java:74)
at org.openqa.selenium.remote.HttpCommandExecutor.execute(HttpCommandExecutor.java:136)
at org.openqa.selenium.remote.service.DriverCommandExecutor.execute(DriverCommandExecutor.java:83)
at org.openqa.selenium.remote.RemoteWebDriver.execute(RemoteWebDriver.java:552)
at org.openqa.selenium.remote.RemoteWebDriver.startSession(RemoteWebDriver.java:213)
at org.openqa.selenium.remote.RemoteWebDriver.<init>(RemoteWebDriver.java:131)
at org.openqa.selenium.chrome.ChromeDriver.<init>(ChromeDriver.java:181)
at org.openqa.selenium.chrome.ChromeDriver.<init>(ChromeDriver.java:168)
at org.openqa.selenium.chrome.ChromeDriver.<init>(ChromeDriver.java:123)
at org.parallel.Google.googleBrowser(Google.java:12)
at java.base/java.util.concurrent.ThreadPoolExecutor.runWorker(ThreadPoolExecutor.java:1136)
at java.base/java.util.concurrent.ThreadPoolExecutor$Worker.run(ThreadPoolExecutor.java:635)
at java.base/java.lang.Thread.run(Thread.java:833)
... Removed 15 stack frames]]>
    </failure>
  </testcase> <!-- googleBrowser -->
  <testcase classname="org.parallel.MsEdge" name="msEdgeBrowser" time="4.264">
    <failure type="org.openqa.selenium.SessionNotCreatedException" message="session not created: This version of Microsoft Edge WebDriver only supports Microsoft Edge version 119
Current browser version is 121.0.2277.83 with binary path C:\Program Files (x86)\Microsoft\Edge\Application\msedge.exe
Build info: version: &amp;apos;3.141.59&amp;apos;, revision: &amp;apos;e82be7d358&amp;apos;, time: &amp;apos;2018-11-14T08:17:03&amp;apos;
System info: host: &amp;apos;DESKTOP-6KN58PQ&amp;apos;, ip: &amp;apos;10.0.102.98&amp;apos;, os.name: &amp;apos;Windows 10&amp;apos;, os.arch: &amp;apos;amd64&amp;apos;, os.version: &amp;apos;10.0&amp;apos;, java.version: &amp;apos;17.0.8.1&amp;apos;
Driver info: driver.version: EdgeDriver
remote stacktrace: 	GetHandleVerifier [0x00007FF7CA4E25B2+60402]
	Microsoft::Applications::Events::ILogConfiguration::operator* [0x00007FF7CA467302+253666]
	(No symbol) [0x00007FF7CA239C99]
	(No symbol) [0x00007FF7CA27907D]
	(No symbol) [0x00007FF7CA278279]
	(No symbol) [0x00007FF7CA271E65]
	(No symbol) [0x00007FF7CA26D18B]
	(No symbol) [0x00007FF7CA2B423F]
	(No symbol) [0x00007FF7CA2AB863]
	(No symbol) [0x00007FF7CA27C585]
	(No symbol) [0x00007FF7CA27B993]
	(No symbol) [0x00007FF7CA27CD14]
	Microsoft::Applications::Events::EventProperty::to_string [0x00007FF7CA6C3454+1161924]
	(No symbol) [0x00007FF7CA2FE5F6]
	Microsoft::Applications::Events::EventProperty::~EventProperty [0x00007FF7CA3BB083+37459]
	Microsoft::Applications::Events::EventProperty::~EventProperty [0x00007FF7CA3B2C4D+3613]
	Microsoft::Applications::Events::EventProperty::to_string [0x00007FF7CA6C2194+1157124]
	Microsoft::Applications::Events::ILogConfiguration::operator* [0x00007FF7CA471658+295480]
	Microsoft::Applications::Events::ILogConfiguration::operator* [0x00007FF7CA46CB24+276228]
	Microsoft::Applications::Events::ILogConfiguration::operator* [0x00007FF7CA46CC52+276530]
	Microsoft::Applications::Events::ILogConfiguration::operator* [0x00007FF7CA45FA41+222753]
	BaseThreadInitThunk [0x00007FF8B8517344+20]
	RtlUserThreadStart [0x00007FF8BA1026B1+33]
">
      <![CDATA[org.openqa.selenium.SessionNotCreatedException: session not created: This version of Microsoft Edge WebDriver only supports Microsoft Edge version 119
Current browser version is 121.0.2277.83 with binary path C:\Program Files (x86)\Microsoft\Edge\Application\msedge.exe
Build info: version: '3.141.59', revision: 'e82be7d358', time: '2018-11-14T08:17:03'
System info: host: 'DESKTOP-6KN58PQ', ip: '10.0.102.98', os.name: 'Windows 10', os.arch: 'amd64', os.version: '10.0', java.version: '17.0.8.1'
Driver info: driver.version: EdgeDriver
remote stacktrace: GetHandleVerifier [0x00007FF7CA4E25B2+60402]
Microsoft::Applications::Events::ILogConfiguration::operator* [0x00007FF7CA467302+253666]
(No symbol) [0x00007FF7CA239C99]
(No symbol) [0x00007FF7CA27907D]
(No symbol) [0x00007FF7CA278279]
(No symbol) [0x00007FF7CA271E65]
(No symbol) [0x00007FF7CA26D18B]
(No symbol) [0x00007FF7CA2B423F]
(No symbol) [0x00007FF7CA2AB863]
(No symbol) [0x00007FF7CA27C585]
(No symbol) [0x00007FF7CA27B993]
(No symbol) [0x00007FF7CA27CD14]
Microsoft::Applications::Events::EventProperty::to_string [0x00007FF7CA6C3454+1161924]
(No symbol) [0x00007FF7CA2FE5F6]
Microsoft::Applications::Events::EventProperty::~EventProperty [0x00007FF7CA3BB083+37459]
Microsoft::Applications::Events::EventProperty::~EventProperty [0x00007FF7CA3B2C4D+3613]
Microsoft::Applications::Events::EventProperty::to_string [0x00007FF7CA6C2194+1157124]
Microsoft::Applications::Events::ILogConfiguration::operator* [0x00007FF7CA471658+295480]
Microsoft::Applications::Events::ILogConfiguration::operator* [0x00007FF7CA46CB24+276228]
Microsoft::Applications::Events::ILogConfiguration::operator* [0x00007FF7CA46CC52+276530]
Microsoft::Applications::Events::ILogConfiguration::operator* [0x00007FF7CA45FA41+222753]
BaseThreadInitThunk [0x00007FF8B8517344+20]
RtlUserThreadStart [0x00007FF8BA1026B1+33]

at org.openqa.selenium.remote.W3CHandshakeResponse.lambda$errorHandler$0(W3CHandshakeResponse.java:62)
at org.openqa.selenium.remote.HandshakeResponse.lambda$getResponseFunction$0(HandshakeResponse.java:30)
at org.openqa.selenium.remote.ProtocolHandshake.lambda$createSession$0(ProtocolHandshake.java:126)
at java.base/java.util.stream.ReferencePipeline$3$1.accept(ReferencePipeline.java:197)
at java.base/java.util.Spliterators$ArraySpliterator.tryAdvance(Spliterators.java:1002)
at java.base/java.util.stream.ReferencePipeline.forEachWithCancel(ReferencePipeline.java:129)
at java.base/java.util.stream.AbstractPipeline.copyIntoWithCancel(AbstractPipeline.java:527)
at java.base/java.util.stream.AbstractPipeline.copyInto(AbstractPipeline.java:513)
at java.base/java.util.stream.AbstractPipeline.wrapAndCopyInto(AbstractPipeline.java:499)
at java.base/java.util.stream.FindOps$FindOp.evaluateSequential(FindOps.java:150)
at java.base/java.util.stream.AbstractPipeline.evaluate(AbstractPipeline.java:234)
at java.base/java.util.stream.ReferencePipeline.findFirst(ReferencePipeline.java:647)
at org.openqa.selenium.remote.ProtocolHandshake.createSession(ProtocolHandshake.java:128)
at org.openqa.selenium.remote.ProtocolHandshake.createSession(ProtocolHandshake.java:74)
at org.openqa.selenium.remote.HttpCommandExecutor.execute(HttpCommandExecutor.java:136)
at org.openqa.selenium.remote.service.DriverCommandExecutor.execute(DriverCommandExecutor.java:83)
at org.openqa.selenium.remote.RemoteWebDriver.execute(RemoteWebDriver.java:552)
at org.openqa.selenium.remote.RemoteWebDriver.startSession(RemoteWebDriver.java:213)
at org.openqa.selenium.remote.RemoteWebDriver.<init>(RemoteWebDriver.java:131)
at org.openqa.selenium.edge.EdgeDriver.<init>(EdgeDriver.java:141)
at org.openqa.selenium.edge.EdgeDriver.<init>(EdgeDriver.java:96)
at org.parallel.MsEdge.msEdgeBrowser(MsEdge.java:13)
at java.base/java.util.concurrent.ThreadPoolExecutor.runWorker(ThreadPoolExecutor.java:1136)
at java.base/java.util.concurrent.ThreadPoolExecutor$Worker.run(ThreadPoolExecutor.java:635)
at java.base/java.lang.Thread.run(Thread.java:833)
... Removed 15 stack frames]]>
    </failure>
  </testcase> <!-- msEdgeBrowser -->
</testsuite> <!-- cross browser -->
